-------------------- Log Start | Fri Jul 19 14:53:47 2024 --------------------
platform: Linux-6.6.31+rpt-rpi-v8-aarch64-with-glibc2.36
data_path: /home/pi/printer_data
is_default_data_path: False
config_file: /home/pi/printer_data/config/moonraker.conf
startup_warnings: []
verbose: False
debug: False
asyncio_debug: False
is_backup_config: False
is_python_package: False
instance_uuid: b027a61e7e114327872828e23c8ffc86
unix_socket_path: /home/pi/printer_data/comms/moonraker.sock
software_version: v0.8.0-385-gdc00d38
git_branch: master
git_remote: origin
git_repo_url: https://github.com/Arksine/moonraker.git
modified_files: []
unofficial_components: []
log_file: /home/pi/printer_data/logs/moonraker.log
python_version: 3.11.2 (main, May  2 2024, 11:59:08) [GCC 12.2.0]
launch_args: /home/pi/moonraker-env/bin/python /home/pi/moonraker/moonraker/moonraker.py -d /home/pi/printer_data
msgspec_enabled: False
uvloop_enabled: False

#################### Moonraker Configuration ####################

[server]
host = 0.0.0.0
port = 7125
klippy_uds_address = /home/pi/printer_data/comms/klippy.sock

[authorization]
trusted_clients = 
	10.0.0.0/8
	127.0.0.0/8
	169.254.0.0/16
	172.16.0.0/12
	192.168.0.0/16
	FE80::/10
	::1/128
cors_domains = 
	*.lan
	*.local
	*://localhost
	*://localhost:*
	*://my.mainsail.xyz
	*://app.fluidd.xyz

[octoprint_compat]

[file_manager]
enable_object_processing = True

[history]

[update_manager]
channel = dev
refresh_interval = 168

[update_manager fluidd-config]
type = git_repo
primary_branch = master
path = ~/fluidd-config
origin = https://github.com/fluidd-core/fluidd-config.git
managed_services = klipper

[update_manager fluidd]
type = web
channel = stable
repo = fluidd-core/fluidd
path = ~/fluidd

[update_manager led_effect]
type = git_repo
path = ~/klipper-led_effect
origin = https://github.com/julianschill/klipper-led_effect.git
is_system_service = False

[update_manager Klipper-Adaptive-Meshing-Purging]
type = git_repo
channel = dev
path = ~/Klipper-Adaptive-Meshing-Purging
origin = https://github.com/kyleisah/Klipper-Adaptive-Meshing-Purging.git
managed_services = klipper
primary_branch = main

#################################################################
All Configuration Files:
/home/pi/printer_data/config/moonraker.conf
#################################################################
2024-07-19 18:53:47,351 [server.py:load_component()] - Component (application) loaded
2024-07-19 18:53:47,415 [server.py:load_component()] - Component (websockets) loaded
2024-07-19 18:53:47,580 [server.py:load_component()] - Component (dbus_manager) loaded
2024-07-19 18:53:47,709 [server.py:add_log_rollover_item()] - Loading Sqlite database provider. Sqlite Version: 3.40.1
2024-07-19 18:53:47,730 [server.py:add_log_rollover_item()] - Unsafe Shutdown Count: 61
2024-07-19 18:53:47,734 [server.py:load_component()] - Component (database) loaded
2024-07-19 18:53:47,805 [file_manager.py:__init__()] - Using File System Observer: inotify
2024-07-19 18:53:47,878 [server.py:load_component()] - Component (file_manager) loaded
2024-07-19 18:53:47,954 [database.py:register_table()] - Found registered table authorized_users
2024-07-19 18:53:47,957 [authorization.py:__init__()] - Authorization Configuration Loaded
Trusted Clients:
10.0.0.0/8
127.0.0.0/8
169.254.0.0/16
172.16.0.0/12
192.168.0.0/16
fe80::/10
::1/128
CORS Domains:
.*\.lan
.*\.local
.*://localhost
.*://localhost:.*
.*://my\.mainsail\.xyz
.*://app\.fluidd\.xyz
2024-07-19 18:53:47,961 [server.py:load_component()] - Component (authorization) loaded
2024-07-19 18:53:47,968 [server.py:load_component()] - Component (klippy_apis) loaded
2024-07-19 18:53:50,634 [server.py:add_log_rollover_item()] - 
System Info:

***python***
  version: (3, 11, 2, 'final', 0)
  version_string: 3.11.2 (main, May  2 2024, 11:59:08) [GCC 12.2.0]

***cpu_info***
  cpu_count: 4
  bits: 64bit
  processor: aarch64
  cpu_desc: 
  serial_number: 163fb7f5
  hardware_desc: 
  model: Raspberry Pi 3 Model B Plus Rev 1.3
  total_memory: 929100
  memory_units: kB

***sd_info***
  manufacturer_id: 89
  manufacturer: Unknown
  oem_id: 0303
  product_name: NCard
  product_revision: 1.0
  serial_number: 19302912
  manufacturer_date: 4/2022
  capacity: 14.6 GiB
  total_bytes: 15634268160

***distribution***
  name: Debian GNU/Linux 12 (bookworm)
  id: debian
  version: 12
  version_parts: {'major': '12', 'minor': '', 'build_number': ''}
  like: 
  codename: bookworm
  release_info: {}
  kernel_version: 6.6.31+rpt-rpi-v8

***virtualization***
  virt_type: none
  virt_identifier: none

***network***

***canbus***

***Allowed Services***
  klipper_mcu
  webcamd
  MoonCord
  KlipperScreen
  moonraker-telegram-bot
  moonraker-obico
  sonar
  crowsnest
  octoeverywhere
  ratos-configurator
2024-07-19 18:53:50,647 [server.py:load_component()] - Component (shell_command) loaded
2024-07-19 18:53:50,648 [machine.py:__init__()] - Using System Provider: systemd_dbus
2024-07-19 18:53:50,675 [server.py:add_log_rollover_item()] - Module libcamera unavailble, import failed
2024-07-19 18:53:50,675 [server.py:load_component()] - Component (machine) loaded
2024-07-19 18:53:50,689 [server.py:load_component()] - Component (data_store) loaded
2024-07-19 18:53:50,695 [proc_stats.py:__init__()] - Detected 'vcgencmd', throttle checking enabled
2024-07-19 18:53:50,696 [server.py:load_component()] - Component (proc_stats) loaded
2024-07-19 18:53:50,708 [server.py:load_component()] - Component (job_state) loaded
2024-07-19 18:53:50,718 [server.py:load_component()] - Component (job_queue) loaded
2024-07-19 18:53:50,726 [database.py:register_table()] - Found registered table job_history
2024-07-19 18:53:50,727 [database.py:register_table()] - Found registered table job_totals
2024-07-19 18:53:50,731 [server.py:load_component()] - Component (history) loaded
2024-07-19 18:53:50,752 [server.py:load_component()] - Component (http_client) loaded
2024-07-19 18:53:50,767 [server.py:load_component()] - Component (announcements) loaded
2024-07-19 18:53:50,781 [server.py:load_component()] - Component (webcam) loaded
2024-07-19 18:53:50,792 [server.py:load_component()] - Component (extensions) loaded
2024-07-19 18:53:50,940 [base_deploy.py:log_info()] - Git Repo moonraker: Detected virtualenv: /home/pi/moonraker-env
2024-07-19 18:53:50,951 [base_deploy.py:log_info()] - Git Repo klipper: Detected virtualenv: /home/pi/klippy-env
2024-07-19 18:53:50,973 [server.py:load_component()] - Component (update_manager) loaded
2024-07-19 18:53:50,989 [server.py:load_component()] - Component (octoprint_compat) loaded
2024-07-19 18:53:50,992 [server.py:_initialize_component()] - Performing Component Post Init: [dbus_manager]
2024-07-19 18:53:51,132 [server.py:_initialize_component()] - Performing Component Post Init: [database]
2024-07-19 18:53:51,381 [server.py:_initialize_component()] - Performing Component Post Init: [file_manager]
2024-07-19 18:53:51,448 [server.py:_initialize_component()] - Performing Component Post Init: [authorization]
2024-07-19 18:53:51,453 [server.py:_initialize_component()] - Performing Component Post Init: [machine]
2024-07-19 18:53:51,455 [machine.py:validation_init()] - Installation version in database up to date
2024-07-19 18:53:52,150 [machine.py:check_virt_status()] - No Virtualization Detected
2024-07-19 18:53:52,165 [machine.py:_find_public_ip()] - Detected Local IP: 192.168.1.73
2024-07-19 18:53:52,167 [webcam.py:_set_default_host_ip()] - Default public webcam address set: http://192.168.1.73
2024-07-19 18:53:52,255 [server.py:add_log_rollover_item()] - 
Systemd unit moonraker.service:
unit_name: moonraker.service
is_default: True
manager: systemd
Properties:
**Requires=['sysinit.target', 'network-online.target', '-.mount', 'system.slice']
**After=['system.slice', '-.mount', 'sysinit.target', 'network-online.target', 'systemd-journald.socket', 'basic.target']
**SupplementaryGroups=['moonraker-admin']
**EnvironmentFiles=/home/pi/printer_data/systemd/moonraker.env
**ExecStart=/home/pi/moonraker-env/bin/python $MOONRAKER_ARGS
**WorkingDirectory=/home/pi/moonraker
**FragmentPath=/etc/systemd/system/moonraker.service
**Description=API Server for Klipper SV1
**User=pi
2024-07-19 18:53:52,255 [server.py:_initialize_component()] - Performing Component Post Init: [proc_stats]
2024-07-19 18:53:52,255 [server.py:_initialize_component()] - Performing Component Post Init: [history]
2024-07-19 18:53:52,264 [server.py:_initialize_component()] - Performing Component Post Init: [announcements]
2024-07-19 18:53:52,275 [server.py:_initialize_component()] - Performing Component Post Init: [webcam]
2024-07-19 18:53:52,276 [webcam.py:_set_default_host_ip()] - Default public webcam address set: http://192.168.1.73
2024-07-19 18:53:52,281 [server.py:_initialize_component()] - Performing Component Post Init: [klippy_connection]
2024-07-19 18:53:52,281 [server.py:_initialize_component()] - Performing Component Post Init: [update_manager]
2024-07-19 18:53:52,285 [server.py:add_log_rollover_item()] - 
Systemd unit klipper.service:
unit_name: klipper.service
is_default: True
manager: systemd
Properties:
**Requires=['-.mount', 'system.slice', 'sysinit.target']
**After=['systemd-journald.socket', 'sysinit.target', 'basic.target', '-.mount', 'network-online.target', 'system.slice']
**SupplementaryGroups=[]
**EnvironmentFiles=/home/pi/printer_data/systemd/klipper.env
**ExecStart=/home/pi/klippy-env/bin/python $KLIPPER_ARGS
**WorkingDirectory=/home/pi/klipper
**FragmentPath=/etc/systemd/system/klipper.service
**Description=Klipper 3D Printer Firmware SV1
**User=pi
2024-07-19 18:53:52,977 [base_deploy.py:log_info()] - PackageDeploy: PackageKit Provider Configured
2024-07-19 18:53:52,978 [base_deploy.py:log_info()] - Git Repo moonraker: Stored pip version: 23.3.2
2024-07-19 18:53:52,980 [git_deploy.py:log_repo_info()] - Git Repo moonraker Detected:
Owner: Arksine
Repository Name: moonraker
Path: /home/pi/moonraker
Remote: origin
Branch: master
Remote URL: https://github.com/Arksine/moonraker.git
Recovery URL: https://github.com/Arksine/moonraker.git
Current Commit SHA: dc00d38b01915b9aea736999df9287b2846dd6bf
Upstream Commit SHA: dc00d38b01915b9aea736999df9287b2846dd6bf
Current Version: v0.8.0-385-gdc00d38b
Upstream Version: v0.8.0-385-gdc00d38b
Rollback Commit: 546a17f5d3e90dacb5018dee51dafbdb47858f02
Rollback Branch: master
Rollback Version: v0.8.0-337-g546a17f5
Is Dirty: False
Is Detached: False
Is Shallow: False
Commits Behind Count: 0
Diverged: False
Pinned Commit: None
2024-07-19 18:53:52,982 [git_deploy.py:log_repo_info()] - Git Repo klipper Detected:
Owner: Klipper3d
Repository Name: klipper
Path: /home/pi/klipper
Remote: origin
Branch: master
Remote URL: https://github.com/Klipper3d/klipper
Recovery URL: https://github.com/Klipper3d/klipper
Current Commit SHA: 12cd1d9e81c32b26ccc319af1dfc3633438908f1
Upstream Commit SHA: 12cd1d9e81c32b26ccc319af1dfc3633438908f1
Current Version: v0.12.0-267-g12cd1d9e
Upstream Version: v0.12.0-267-g12cd1d9e
Rollback Commit: 7b490f3ec1d3f0477b90c74d96f51ba1fb457a46
Rollback Branch: master
Rollback Version: v0.12.0-175-g7b490f3e
Is Dirty: False
Is Detached: False
Is Shallow: False
Commits Behind Count: 0
Diverged: False
Pinned Commit: None
Repo Warnings:
  Repo has untracked source files: ['klippy/extras/led_effect.py']
2024-07-19 18:53:52,992 [git_deploy.py:log_repo_info()] - Git Repo fluidd-config Detected:
Owner: fluidd-core
Repository Name: fluidd-config
Path: /home/pi/fluidd-config
Remote: origin
Branch: master
Remote URL: https://github.com/fluidd-core/fluidd-config.git
Recovery URL: https://github.com/fluidd-core/fluidd-config.git
Current Commit SHA: ce48c5854e9ca3ca72b63d0327069fac20e94c7c
Upstream Commit SHA: ce48c5854e9ca3ca72b63d0327069fac20e94c7c
Current Version: v1.2.0-0-gce48c585
Upstream Version: v1.2.0-0-gce48c585
Rollback Commit: ce48c5854e9ca3ca72b63d0327069fac20e94c7c
Rollback Branch: master
Rollback Version: v0.0.0-11-gce48c585-inferred
Is Dirty: False
Is Detached: False
Is Shallow: False
Commits Behind Count: 0
Diverged: False
Pinned Commit: None
2024-07-19 18:53:53,006 [base_deploy.py:log_info()] - Web Client fluidd: Detected
Repo: fluidd-core/fluidd
Channel: stable
Path: /home/pi/fluidd
Local Version: v1.30.1
Remote Version: v1.30.1
Valid: True
Fallback Detected: False
Pre-release: False
Download Url: https://github.com/fluidd-core/fluidd/releases/download/v1.30.1/fluidd.zip
Download Size: 3726613
Content Type: application/zip
Rollback Version: v1.29.1
Rollback Repo: fluidd-core/fluidd
2024-07-19 18:53:53,016 [git_deploy.py:log_repo_info()] - Git Repo led_effect Detected:
Owner: julianschill
Repository Name: klipper-led_effect
Path: /home/pi/klipper-led_effect
Remote: origin
Branch: master
Remote URL: https://github.com/julianschill/klipper-led_effect.git
Recovery URL: https://github.com/julianschill/klipper-led_effect.git
Current Commit SHA: 03a46eab5670c2934b38093993834f822a56c0fe
Upstream Commit SHA: 03a46eab5670c2934b38093993834f822a56c0fe
Current Version: v0.0.12-0-g03a46eab
Upstream Version: v0.0.12-0-g03a46eab
Rollback Commit: c735fe52e1070632919f125513a0552e03739a5f
Rollback Branch: master
Rollback Version: v0.0.10-1-gc735fe52
Is Dirty: False
Is Detached: False
Is Shallow: False
Commits Behind Count: 0
Diverged: False
Pinned Commit: None
2024-07-19 18:53:53,020 [git_deploy.py:log_repo_info()] - Git Repo Klipper-Adaptive-Meshing-Purging Detected:
Owner: kyleisah
Repository Name: Klipper-Adaptive-Meshing-Purging
Path: /home/pi/Klipper-Adaptive-Meshing-Purging
Remote: origin
Branch: main
Remote URL: https://github.com/kyleisah/Klipper-Adaptive-Meshing-Purging.git
Recovery URL: https://github.com/kyleisah/Klipper-Adaptive-Meshing-Purging.git
Current Commit SHA: d657271f13fc429b5ca36a4f8956b67c9ddf0558
Upstream Commit SHA: d657271f13fc429b5ca36a4f8956b67c9ddf0558
Current Version: v1.1.2-12-gd657271f
Upstream Version: v1.1.2-12-gd657271f
Rollback Commit: d657271f13fc429b5ca36a4f8956b67c9ddf0558
Rollback Branch: main
Rollback Version: v1.1.2-12-gd657271f
Is Dirty: False
Is Detached: False
Is Shallow: False
Commits Behind Count: 0
Diverged: False
Pinned Commit: None
2024-07-19 18:53:53,020 [base_deploy.py:log_info()] - PackageKit: Next refresh in: 6 Days, 21 Minutes, 7 Seconds
2024-07-19 18:53:53,020 [base_deploy.py:log_info()] - Git Repo moonraker: Next refresh in: 6 Days, 25 Minutes, 37 Seconds
2024-07-19 18:53:53,020 [base_deploy.py:log_info()] - Git Repo klipper: Next refresh in: 6 Days, 22 Minutes, 10 Seconds
2024-07-19 18:53:53,021 [base_deploy.py:log_info()] - Git Repo fluidd-config: Next refresh in: 5 Days, 23 Hours, 45 Minutes, 21 Seconds
2024-07-19 18:53:53,021 [base_deploy.py:log_info()] - Web Client fluidd: Next refresh in: 6 Days, 21 Minutes, 13 Seconds
2024-07-19 18:53:53,021 [base_deploy.py:log_info()] - Git Repo led_effect: Next refresh in: 6 Days, 21 Minutes, 39 Seconds
2024-07-19 18:53:53,021 [base_deploy.py:log_info()] - Git Repo Klipper-Adaptive-Meshing-Purging: Next refresh in: 5 Days, 23 Hours, 45 Minutes, 27 Seconds
2024-07-19 18:53:53,024 [extensions.py:start_unix_server()] - Creating Unix Domain Socket at '/home/pi/printer_data/comms/moonraker.sock'
2024-07-19 18:53:53,025 [server.py:start_server()] - Starting Moonraker on (0.0.0.0, 7125), Hostname: raspberrypi
2024-07-19 18:53:53,027 [application.py:listen()] - SSL Certificate/Key not configured, aborting HTTPS Server startup
2024-07-19 18:53:53,278 [klippy_connection.py:_do_connect()] - Klippy Connection Established
2024-07-19 18:53:53,372 [server.py:add_log_rollover_item()] - 
Systemd unit klipper.service:
unit_name: klipper.service
is_default: True
manager: systemd
Properties:
**Requires=['system.slice', '-.mount', 'sysinit.target']
**After=['system.slice', 'basic.target', 'network-online.target', 'systemd-journald.socket', 'sysinit.target', '-.mount']
**SupplementaryGroups=[]
**EnvironmentFiles=/home/pi/printer_data/systemd/klipper.env
**ExecStart=/home/pi/klippy-env/bin/python $KLIPPER_ARGS
**WorkingDirectory=/home/pi/klipper
**FragmentPath=/etc/systemd/system/klipper.service
**Description=Klipper 3D Printer Firmware SV1
**User=pi
2024-07-19 18:53:53,626 [server.py:add_log_rollover_item()] - Klipper Version: v0.12.0-267-g12cd1d9e-dirty
2024-07-19 18:55:11,996 [authorization.py:_check_trusted_connection()] - Trusted Connection Detected, IP: 192.168.1.12
2024-07-19 18:55:12,173 [application.py:log_request()] - 101 GET /websocket?token=GZ7YQLXZGIINOIEAOKN7DBDNZ5NNFHDV (192.168.1.12) [_TRUSTED_USER_] 4.54ms
2024-07-19 18:55:12,173 [websockets.py:open()] - Websocket Opened: ID: 548460215568, Proxied: True, User Agent: Mozilla/5.0 (Windows NT 10.0; Win64; x64; rv:128.0) Gecko/20100101 Firefox/128.0, Host Name: 192.168.1.73
2024-07-19 18:55:12,178 [websockets.py:_handle_identify()] - Websocket 548460215568 Client Identified - Name: fluidd, Version: 1.30.1-62fe404, Type: web
2024-07-19 18:55:12,179 [file_manager.py:get_file_list()] - Updating File List <config>...
2024-07-19 18:55:17,382 [klippy_connection.py:_request_initial_subscriptions()] - Webhooks Subscribed
2024-07-19 18:55:17,383 [klippy_connection.py:_request_initial_subscriptions()] - GCode Output Subscribed
2024-07-19 18:55:17,386 [klippy_connection.py:_check_ready()] - 
mcu 'mcu': Unable to connect
Once the underlying issue is corrected, use the
"FIRMWARE_RESTART" command to reset the firmware, reload the
config, and restart the host software.
Error configuring printer

